<?xml version="1.0" encoding="UTF-8"?>
<!-- Generated by org.testng.reporters.JUnitReportReporter -->
<testsuite hostname="DESKTOP-L5S1BFV" failures="0" tests="1" name="testPack.NewTest" time="2.927" errors="0" timestamp="19 Apr 2020 04:46:11 GMT">
  <testcase classname="testPack.NewTest" name="getTitle" time="2.927"/>
</testsuite> <!-- testPack.NewTest -->
