<?xml version="1.0" encoding="UTF-8"?>
<!-- Generated by org.testng.reporters.JUnitReportReporter -->
<testsuite hostname="DESKTOP-L5S1BFV" failures="0" tests="1" name="testPack.PrintHello" time="0.239" errors="0" timestamp="19 Apr 2020 04:42:09 GMT">
  <testcase classname="testPack.PrintHello" name="f" time="0.239"/>
</testsuite> <!-- testPack.PrintHello -->
