<?xml version="1.0" encoding="UTF-8"?>
<!-- Generated by org.testng.reporters.JUnitReportReporter -->
<testsuite hostname="DESKTOP-L5S1BFV" failures="0" tests="1" name="assignment2.Assignment2Test" time="33.057" errors="0" timestamp="23 Apr 2020 01:12:13 GMT">
  <testcase classname="assignment2.Assignment2Test" name="Tests" time="33.057"/>
</testsuite> <!-- assignment2.Assignment2Test -->
